Using pre-set license
Built from '2020.3/staging' branch; Version is '2020.3.8f1 (507919d4fff5) revision 5273881'; Using compiler version '192528614'; Build Type 'Release'
OS: 'Windows 10 Home Single Language; OS build 22000.376; Version 2009; 64bit' Language: 'en' Physical Memory: 8112 MB
BatchMode: 1, IsHumanControllingUs: 0, StartBugReporterOnCrash: 0, Is64bit: 1, IsPro: 0

 COMMAND LINE ARGUMENTS:
C:\Program Files\Unity\2020.3.8f1\Editor\Unity.exe
-adb2
-batchMode
-noUpm
-name
AssetImportWorker0
-projectPath
C:/Users/raagh/Stealth Game
-logFile
Logs/AssetImportWorker0.log
-srvPort
62355
Successfully changed project path to: C:/Users/raagh/Stealth Game
C:/Users/raagh/Stealth Game
Using Asset Import Pipeline V2.
Refreshing native plugins compatible for Editor in 80.51 ms, found 0 plugins.
Preloading 0 native plugins for Editor in 0.00 ms.
Initialize engine version: 2020.3.8f1 (507919d4fff5)
[Subsystems] Discovering subsystems at path C:/Program Files/Unity/2020.3.8f1/Editor/Data/Resources/UnitySubsystems
[Subsystems] Discovering subsystems at path C:/Users/raagh/Stealth Game/Assets
GfxDevice: creating device client; threaded=0
Direct3D:
    Version:  Direct3D 11.0 [level 11.1]
    Renderer: NVIDIA GeForce GTX 1650 (ID=0x1f91)
    Vendor:   
    VRAM:     3962 MB
    Driver:   27.21.14.6230
Initialize mono
Mono path[0] = 'C:/Program Files/Unity/2020.3.8f1/Editor/Data/Managed'
Mono path[1] = 'C:/Program Files/Unity/2020.3.8f1/Editor/Data/MonoBleedingEdge/lib/mono/unityjit'
Mono config path = 'C:/Program Files/Unity/2020.3.8f1/Editor/Data/MonoBleedingEdge/etc'
Using monoOptions --debugger-agent=transport=dt_socket,embedding=1,server=y,suspend=n,address=127.0.0.1:56692
Begin MonoManager ReloadAssembly
Registering precompiled unity dll's ...
Register platform support module: C:/Program Files/Unity/2020.3.8f1/Editor/Data/PlaybackEngines/WindowsStandaloneSupport/UnityEditor.WindowsStandalone.Extensions.dll
Registered in 0.019035 seconds.
Native extension for WindowsStandalone target not found
Refreshing native plugins compatible for Editor in 99.27 ms, found 0 plugins.
Preloading 0 native plugins for Editor in 0.00 ms.
Mono: successfully reloaded assembly
- Completed reload, in  4.049 seconds
Platform modules already initialized, skipping
Registering precompiled user dll's ...
Registered in 0.008053 seconds.
Begin MonoManager ReloadAssembly
Native extension for WindowsStandalone target not found
Refreshing native plugins compatible for Editor in 0.55 ms, found 0 plugins.
Preloading 0 native plugins for Editor in 0.00 ms.
Mono: successfully reloaded assembly
- Completed reload, in  3.216 seconds
Platform modules already initialized, skipping
========================================================================
Worker process is ready to serve import requests
Launched and connected shader compiler UnityShaderCompiler.exe after 0.15 seconds
Refreshing native plugins compatible for Editor in 0.53 ms, found 0 plugins.
Preloading 0 native plugins for Editor in 0.00 ms.
Unloading 1118 Unused Serialized files (Serialized files now loaded: 0)
System memory in use before: 57.6 MB.
System memory in use after: 57.6 MB.

Unloading 10 unused Assets to reduce memory usage. Loaded Objects now: 1561.
Total: 3.211700 ms (FindLiveObjects: 0.215800 ms CreateObjectMapping: 0.088700 ms MarkObjects: 2.653500 ms  DeleteObjects: 0.251800 ms)

========================================================================
Received Import Request.
  path: Assets/Player.cs
  artifactKey: Guid(78b4bebea3bc9ee4aad4bef0c58af0d4) Importer(815301076,1909f56bfc062723c751e8b465ee728b)
Start importing Assets/Player.cs using Guid(78b4bebea3bc9ee4aad4bef0c58af0d4) Importer(815301076,1909f56bfc062723c751e8b465ee728b)  -> (artifact id: 'c36b07025afa0777818b25001f5b7148') in 0.183546 seconds
  Import took 0.189153 seconds .

========================================================================
Received Import Request.
  Time since last request: 0.004092 seconds.
  path: Assets/Player.cs
  artifactKey: Guid(78b4bebea3bc9ee4aad4bef0c58af0d4) Importer(815301076,1909f56bfc062723c751e8b465ee728b)
Start importing Assets/Player.cs using Guid(78b4bebea3bc9ee4aad4bef0c58af0d4) Importer(815301076,1909f56bfc062723c751e8b465ee728b)  -> (artifact id: 'c36b07025afa0777818b25001f5b7148') in 0.054181 seconds
  Import took 0.058857 seconds .

AssetImportWorkerClient::OnTransportError - code=2 error=End of file
